/home/wjj/work/haijia-web/a/views.py:11: DeprecationWarning: django.utils.simplejson is deprecated; use json instead.
  from django.utils import simplejson

[12/Apr/2014 18:05:12] "GET /admin/ HTTP/1.1" 200 6433
[12/Apr/2014 18:05:18] "GET /admin/yueche/dingdan/ HTTP/1.1" 200 5390
[12/Apr/2014 18:05:18] "GET /admin/jsi18n/ HTTP/1.1" 200 2372
[12/Apr/2014 18:05:22] "GET /admin/yueche/dingdan/1/ HTTP/1.1" 200 6573
[12/Apr/2014 18:05:22] "GET /admin/jsi18n/ HTTP/1.1" 200 2372
[12/Apr/2014 18:05:24] "GET /admin/yueche/ HTTP/1.1" 200 2662
[12/Apr/2014 18:05:32] "GET /admin/ HTTP/1.1" 200 6433
[12/Apr/2014 18:05:35] "GET /admin/yueche/yueche/ HTTP/1.1" 200 3428
[12/Apr/2014 18:05:36] "GET /admin/jsi18n/ HTTP/1.1" 200 2372
[12/Apr/2014 18:05:38] "GET /admin/yueche/yueche/add/ HTTP/1.1" 200 10466
[12/Apr/2014 18:05:38] "GET /admin/jsi18n/ HTTP/1.1" 200 2372
[12/Apr/2014 18:06:30] "POST /admin/yueche/yueche/add/ HTTP/1.1" 302 0
Internal Server Error: /admin/yueche/yueche/
Traceback (most recent call last):
  File "/usr/local/lib/python2.7/dist-packages/django/core/handlers/base.py", line 139, in get_response
    response = response.render()
  File "/usr/local/lib/python2.7/dist-packages/django/template/response.py", line 105, in render
    self.content = self.rendered_content
  File "/usr/local/lib/python2.7/dist-packages/django/template/response.py", line 82, in rendered_content
    content = template.render(context)
  File "/usr/local/lib/python2.7/dist-packages/django/template/base.py", line 140, in render
    return self._render(context)
  File "/usr/local/lib/python2.7/dist-packages/django/template/base.py", line 134, in _render
    return self.nodelist.render(context)
  File "/usr/local/lib/python2.7/dist-packages/django/template/base.py", line 840, in render
    bit = self.render_node(node, context)
  File "/usr/local/lib/python2.7/dist-packages/django/template/debug.py", line 78, in render_node
    return node.render(context)
  File "/usr/local/lib/python2.7/dist-packages/django/template/loader_tags.py", line 123, in render
    return compiled_parent._render(context)
  File "/usr/local/lib/python2.7/dist-packages/django/template/base.py", line 134, in _render
    return self.nodelist.render(context)
  File "/usr/local/lib/python2.7/dist-packages/django/template/base.py", line 840, in render
    bit = self.render_node(node, context)
  File "/usr/local/lib/python2.7/dist-packages/django/template/debug.py", line 78, in render_node
    return node.render(context)
  File "/usr/local/lib/python2.7/dist-packages/django/template/loader_tags.py", line 123, in render
    return compiled_parent._render(context)
  File "/usr/local/lib/python2.7/dist-packages/django/template/base.py", line 134, in _render
    return self.nodelist.render(context)
  File "/usr/local/lib/python2.7/dist-packages/django/template/base.py", line 840, in render
    bit = self.render_node(node, context)
  File "/usr/local/lib/python2.7/dist-packages/django/template/debug.py", line 78, in render_node
    return node.render(context)
  File "/usr/local/lib/python2.7/dist-packages/django/template/loader_tags.py", line 62, in render
    result = block.nodelist.render(context)
  File "/usr/local/lib/python2.7/dist-packages/django/template/base.py", line 840, in render
    bit = self.render_node(node, context)
  File "/usr/local/lib/python2.7/dist-packages/django/template/debug.py", line 78, in render_node
    return node.render(context)
  File "/usr/local/lib/python2.7/dist-packages/django/template/loader_tags.py", line 62, in render
    result = block.nodelist.render(context)
  File "/usr/local/lib/python2.7/dist-packages/django/template/base.py", line 840, in render
    bit = self.render_node(node, context)
  File "/usr/local/lib/python2.7/dist-packages/django/template/debug.py", line 78, in render_node
    return node.render(context)
  File "/usr/local/lib/python2.7/dist-packages/django/template/base.py", line 1196, in render
    _dict = func(*resolved_args, **resolved_kwargs)
  File "/usr/local/lib/python2.7/dist-packages/django/contrib/admin/templatetags/admin_list.py", line 288, in result_list
    'results': list(results(cl))}
  File "/usr/local/lib/python2.7/dist-packages/django/contrib/admin/templatetags/admin_list.py", line 266, in results
    yield ResultList(None, items_for_result(cl, res, None))
  File "/usr/local/lib/python2.7/dist-packages/django/contrib/admin/templatetags/admin_list.py", line 258, in __init__
    super(ResultList, self).__init__(*items)
  File "/usr/local/lib/python2.7/dist-packages/django/contrib/admin/templatetags/admin_list.py", line 185, in items_for_result
    f, attr, value = lookup_field(field_name, result, cl.model_admin)
  File "/usr/local/lib/python2.7/dist-packages/django/contrib/admin/util.py", line 254, in lookup_field
    value = attr(obj)
  File "/home/wjj/work/haijia-web/yueche/admin.py", line 51, in list_yc_date
    return localtime(obj.yc_date).strftime('%Y-%m-%d')
  File "/usr/local/lib/python2.7/dist-packages/django/utils/timezone.py", line 261, in localtime
    value = value.astimezone(timezone)
AttributeError: 'datetime.date' object has no attribute 'astimezone'
[12/Apr/2014 18:06:31] "GET /admin/yueche/yueche/ HTTP/1.1" 500 319395
[12/Apr/2014 18:11:16] "GET /admin/ HTTP/1.1" 200 6759
Internal Server Error: /admin/yueche/yueche/
Traceback (most recent call last):
  File "/usr/local/lib/python2.7/dist-packages/django/core/handlers/base.py", line 139, in get_response
    response = response.render()
  File "/usr/local/lib/python2.7/dist-packages/django/template/response.py", line 105, in render
    self.content = self.rendered_content
  File "/usr/local/lib/python2.7/dist-packages/django/template/response.py", line 82, in rendered_content
    content = template.render(context)
  File "/usr/local/lib/python2.7/dist-packages/django/template/base.py", line 140, in render
    return self._render(context)
  File "/usr/local/lib/python2.7/dist-packages/django/template/base.py", line 134, in _render
    return self.nodelist.render(context)
  File "/usr/local/lib/python2.7/dist-packages/django/template/base.py", line 840, in render
    bit = self.render_node(node, context)
  File "/usr/local/lib/python2.7/dist-packages/django/template/debug.py", line 78, in render_node
    return node.render(context)
  File "/usr/local/lib/python2.7/dist-packages/django/template/loader_tags.py", line 123, in render
    return compiled_parent._render(context)
  File "/usr/local/lib/python2.7/dist-packages/django/template/base.py", line 134, in _render
    return self.nodelist.render(context)
  File "/usr/local/lib/python2.7/dist-packages/django/template/base.py", line 840, in render
    bit = self.render_node(node, context)
  File "/usr/local/lib/python2.7/dist-packages/django/template/debug.py", line 78, in render_node
    return node.render(context)
  File "/usr/local/lib/python2.7/dist-packages/django/template/loader_tags.py", line 123, in render
    return compiled_parent._render(context)
  File "/usr/local/lib/python2.7/dist-packages/django/template/base.py", line 134, in _render
    return self.nodelist.render(context)
  File "/usr/local/lib/python2.7/dist-packages/django/template/base.py", line 840, in render
    bit = self.render_node(node, context)
  File "/usr/local/lib/python2.7/dist-packages/django/template/debug.py", line 78, in render_node
    return node.render(context)
  File "/usr/local/lib/python2.7/dist-packages/django/template/loader_tags.py", line 62, in render
    result = block.nodelist.render(context)
  File "/usr/local/lib/python2.7/dist-packages/django/template/base.py", line 840, in render
    bit = self.render_node(node, context)
  File "/usr/local/lib/python2.7/dist-packages/django/template/debug.py", line 78, in render_node
    return node.render(context)
  File "/usr/local/lib/python2.7/dist-packages/django/template/loader_tags.py", line 62, in render
    result = block.nodelist.render(context)
  File "/usr/local/lib/python2.7/dist-packages/django/template/base.py", line 840, in render
    bit = self.render_node(node, context)
  File "/usr/local/lib/python2.7/dist-packages/django/template/debug.py", line 78, in render_node
    return node.render(context)
  File "/usr/local/lib/python2.7/dist-packages/django/template/base.py", line 1196, in render
    _dict = func(*resolved_args, **resolved_kwargs)
  File "/usr/local/lib/python2.7/dist-packages/django/contrib/admin/templatetags/admin_list.py", line 288, in result_list
    'results': list(results(cl))}
  File "/usr/local/lib/python2.7/dist-packages/django/contrib/admin/templatetags/admin_list.py", line 266, in results
    yield ResultList(None, items_for_result(cl, res, None))
  File "/usr/local/lib/python2.7/dist-packages/django/contrib/admin/templatetags/admin_list.py", line 258, in __init__
    super(ResultList, self).__init__(*items)
  File "/usr/local/lib/python2.7/dist-packages/django/contrib/admin/templatetags/admin_list.py", line 185, in items_for_result
    f, attr, value = lookup_field(field_name, result, cl.model_admin)
  File "/usr/local/lib/python2.7/dist-packages/django/contrib/admin/util.py", line 254, in lookup_field
    value = attr(obj)
  File "/home/wjj/work/haijia-web/yueche/admin.py", line 51, in list_yc_date
    return localtime(obj.yc_date).strftime('%Y-%m-%d')
  File "/usr/local/lib/python2.7/dist-packages/django/utils/timezone.py", line 261, in localtime
    value = value.astimezone(timezone)
AttributeError: 'datetime.date' object has no attribute 'astimezone'
[12/Apr/2014 18:11:19] "GET /admin/yueche/yueche/ HTTP/1.1" 500 317812
[12/Apr/2014 18:11:25] "GET /admin/yueche/dingdan/ HTTP/1.1" 200 5390
[12/Apr/2014 18:11:25] "GET /admin/jsi18n/ HTTP/1.1" 200 2372
[12/Apr/2014 18:11:29] "GET /admin/sites/site/ HTTP/1.1" 200 4917
[12/Apr/2014 18:11:29] "GET /admin/jsi18n/ HTTP/1.1" 200 2372
[12/Apr/2014 18:11:35] "GET /admin/settings/cookieimgcode/ HTTP/1.1" 200 3403
[12/Apr/2014 18:11:35] "GET /admin/jsi18n/ HTTP/1.1" 200 2372
[12/Apr/2014 18:11:37] "GET /admin/settings/cookieimgcode/add/ HTTP/1.1" 200 5017
[12/Apr/2014 18:11:38] "GET /admin/jsi18n/ HTTP/1.1" 200 2372
[12/Apr/2014 18:11:45] "GET /admin/settings/cookieimgcode/ HTTP/1.1" 200 3403
[12/Apr/2014 18:11:45] "GET /admin/jsi18n/ HTTP/1.1" 200 2372
[12/Apr/2014 18:11:47] "GET /admin/ HTTP/1.1" 200 6759
Internal Server Error: /admin/yueche/yueche/
Traceback (most recent call last):
  File "/usr/local/lib/python2.7/dist-packages/django/core/handlers/base.py", line 139, in get_response
    response = response.render()
  File "/usr/local/lib/python2.7/dist-packages/django/template/response.py", line 105, in render
    self.content = self.rendered_content
  File "/usr/local/lib/python2.7/dist-packages/django/template/response.py", line 82, in rendered_content
    content = template.render(context)
  File "/usr/local/lib/python2.7/dist-packages/django/template/base.py", line 140, in render
    return self._render(context)
  File "/usr/local/lib/python2.7/dist-packages/django/template/base.py", line 134, in _render
    return self.nodelist.render(context)
  File "/usr/local/lib/python2.7/dist-packages/django/template/base.py", line 840, in render
    bit = self.render_node(node, context)
  File "/usr/local/lib/python2.7/dist-packages/django/template/debug.py", line 78, in render_node
    return node.render(context)
  File "/usr/local/lib/python2.7/dist-packages/django/template/loader_tags.py", line 123, in render
    return compiled_parent._render(context)
  File "/usr/local/lib/python2.7/dist-packages/django/template/base.py", line 134, in _render
    return self.nodelist.render(context)
  File "/usr/local/lib/python2.7/dist-packages/django/template/base.py", line 840, in render
    bit = self.render_node(node, context)
  File "/usr/local/lib/python2.7/dist-packages/django/template/debug.py", line 78, in render_node
    return node.render(context)
  File "/usr/local/lib/python2.7/dist-packages/django/template/loader_tags.py", line 123, in render
    return compiled_parent._render(context)
  File "/usr/local/lib/python2.7/dist-packages/django/template/base.py", line 134, in _render
    return self.nodelist.render(context)
  File "/usr/local/lib/python2.7/dist-packages/django/template/base.py", line 840, in render
    bit = self.render_node(node, context)
  File "/usr/local/lib/python2.7/dist-packages/django/template/debug.py", line 78, in render_node
    return node.render(context)
  File "/usr/local/lib/python2.7/dist-packages/django/template/loader_tags.py", line 62, in render
    result = block.nodelist.render(context)
  File "/usr/local/lib/python2.7/dist-packages/django/template/base.py", line 840, in render
    bit = self.render_node(node, context)
  File "/usr/local/lib/python2.7/dist-packages/django/template/debug.py", line 78, in render_node
    return node.render(context)
  File "/usr/local/lib/python2.7/dist-packages/django/template/loader_tags.py", line 62, in render
    result = block.nodelist.render(context)
  File "/usr/local/lib/python2.7/dist-packages/django/template/base.py", line 840, in render
    bit = self.render_node(node, context)
  File "/usr/local/lib/python2.7/dist-packages/django/template/debug.py", line 78, in render_node
    return node.render(context)
  File "/usr/local/lib/python2.7/dist-packages/django/template/base.py", line 1196, in render
    _dict = func(*resolved_args, **resolved_kwargs)
  File "/usr/local/lib/python2.7/dist-packages/django/contrib/admin/templatetags/admin_list.py", line 288, in result_list
    'results': list(results(cl))}
  File "/usr/local/lib/python2.7/dist-packages/django/contrib/admin/templatetags/admin_list.py", line 266, in results
    yield ResultList(None, items_for_result(cl, res, None))
  File "/usr/local/lib/python2.7/dist-packages/django/contrib/admin/templatetags/admin_list.py", line 258, in __init__
    super(ResultList, self).__init__(*items)
  File "/usr/local/lib/python2.7/dist-packages/django/contrib/admin/templatetags/admin_list.py", line 185, in items_for_result
    f, attr, value = lookup_field(field_name, result, cl.model_admin)
  File "/usr/local/lib/python2.7/dist-packages/django/contrib/admin/util.py", line 254, in lookup_field
    value = attr(obj)
  File "/home/wjj/work/haijia-web/yueche/admin.py", line 51, in list_yc_date
    return localtime(obj.yc_date).strftime('%Y-%m-%d')
  File "/usr/local/lib/python2.7/dist-packages/django/utils/timezone.py", line 261, in localtime
    value = value.astimezone(timezone)
AttributeError: 'datetime.date' object has no attribute 'astimezone'
[12/Apr/2014 18:11:50] "GET /admin/yueche/yueche/ HTTP/1.1" 500 317712
[12/Apr/2014 18:16:52] "GET /admin/ HTTP/1.1" 200 6759
Internal Server Error: /admin/yueche/yueche/
Traceback (most recent call last):
  File "/usr/local/lib/python2.7/dist-packages/django/core/handlers/base.py", line 139, in get_response
    response = response.render()
  File "/usr/local/lib/python2.7/dist-packages/django/template/response.py", line 105, in render
    self.content = self.rendered_content
  File "/usr/local/lib/python2.7/dist-packages/django/template/response.py", line 82, in rendered_content
    content = template.render(context)
  File "/usr/local/lib/python2.7/dist-packages/django/template/base.py", line 140, in render
    return self._render(context)
  File "/usr/local/lib/python2.7/dist-packages/django/template/base.py", line 134, in _render
    return self.nodelist.render(context)
  File "/usr/local/lib/python2.7/dist-packages/django/template/base.py", line 840, in render
    bit = self.render_node(node, context)
  File "/usr/local/lib/python2.7/dist-packages/django/template/debug.py", line 78, in render_node
    return node.render(context)
  File "/usr/local/lib/python2.7/dist-packages/django/template/loader_tags.py", line 123, in render
    return compiled_parent._render(context)
  File "/usr/local/lib/python2.7/dist-packages/django/template/base.py", line 134, in _render
    return self.nodelist.render(context)
  File "/usr/local/lib/python2.7/dist-packages/django/template/base.py", line 840, in render
    bit = self.render_node(node, context)
  File "/usr/local/lib/python2.7/dist-packages/django/template/debug.py", line 78, in render_node
    return node.render(context)
  File "/usr/local/lib/python2.7/dist-packages/django/template/loader_tags.py", line 123, in render
    return compiled_parent._render(context)
  File "/usr/local/lib/python2.7/dist-packages/django/template/base.py", line 134, in _render
    return self.nodelist.render(context)
  File "/usr/local/lib/python2.7/dist-packages/django/template/base.py", line 840, in render
    bit = self.render_node(node, context)
  File "/usr/local/lib/python2.7/dist-packages/django/template/debug.py", line 78, in render_node
    return node.render(context)
  File "/usr/local/lib/python2.7/dist-packages/django/template/loader_tags.py", line 62, in render
    result = block.nodelist.render(context)
  File "/usr/local/lib/python2.7/dist-packages/django/template/base.py", line 840, in render
    bit = self.render_node(node, context)
  File "/usr/local/lib/python2.7/dist-packages/django/template/debug.py", line 78, in render_node
    return node.render(context)
  File "/usr/local/lib/python2.7/dist-packages/django/template/loader_tags.py", line 62, in render
    result = block.nodelist.render(context)
  File "/usr/local/lib/python2.7/dist-packages/django/template/base.py", line 840, in render
    bit = self.render_node(node, context)
  File "/usr/local/lib/python2.7/dist-packages/django/template/debug.py", line 78, in render_node
    return node.render(context)
  File "/usr/local/lib/python2.7/dist-packages/django/template/base.py", line 1196, in render
    _dict = func(*resolved_args, **resolved_kwargs)
  File "/usr/local/lib/python2.7/dist-packages/django/contrib/admin/templatetags/admin_list.py", line 288, in result_list
    'results': list(results(cl))}
  File "/usr/local/lib/python2.7/dist-packages/django/contrib/admin/templatetags/admin_list.py", line 266, in results
    yield ResultList(None, items_for_result(cl, res, None))
  File "/usr/local/lib/python2.7/dist-packages/django/contrib/admin/templatetags/admin_list.py", line 258, in __init__
    super(ResultList, self).__init__(*items)
  File "/usr/local/lib/python2.7/dist-packages/django/contrib/admin/templatetags/admin_list.py", line 185, in items_for_result
    f, attr, value = lookup_field(field_name, result, cl.model_admin)
  File "/usr/local/lib/python2.7/dist-packages/django/contrib/admin/util.py", line 254, in lookup_field
    value = attr(obj)
  File "/home/wjj/work/haijia-web/yueche/admin.py", line 51, in list_yc_date
    return localtime(obj.yc_date).strftime('%Y-%m-%d')
  File "/usr/local/lib/python2.7/dist-packages/django/utils/timezone.py", line 261, in localtime
    value = value.astimezone(timezone)
AttributeError: 'datetime.date' object has no attribute 'astimezone'
[12/Apr/2014 18:17:01] "GET /admin/yueche/yueche/ HTTP/1.1" 500 317812
Validating models...

0 errors found
April 12, 2014 - 18:05:06
Django version 1.6.2, using settings 'hjadmin.settings'
Starting development server at http://0.0.0.0:80/
Quit the server with CONTROL-C.
/home/wjj/work/haijia-web/a/views.py:11: DeprecationWarning: django.utils.simplejson is deprecated; use json instead.
  from django.utils import simplejson

[12/Apr/2014 18:27:14] "GET /admin/yueche/yueche/ HTTP/1.1" 200 6524
[12/Apr/2014 18:27:15] "GET /admin/jsi18n/ HTTP/1.1" 200 2372
Validating models...

0 errors found
April 12, 2014 - 18:27:08
Django version 1.6.2, using settings 'hjadmin.settings'
Starting development server at http://0.0.0.0:80/
Quit the server with CONTROL-C.
/home/wjj/work/haijia-web/a/views.py:11: DeprecationWarning: django.utils.simplejson is deprecated; use json instead.
  from django.utils import simplejson

Internal Server Error: /admin/yueche/yueche/
Traceback (most recent call last):
  File "/usr/local/lib/python2.7/dist-packages/django/core/handlers/base.py", line 139, in get_response
    response = response.render()
  File "/usr/local/lib/python2.7/dist-packages/django/template/response.py", line 105, in render
    self.content = self.rendered_content
  File "/usr/local/lib/python2.7/dist-packages/django/template/response.py", line 82, in rendered_content
    content = template.render(context)
  File "/usr/local/lib/python2.7/dist-packages/django/template/base.py", line 140, in render
    return self._render(context)
  File "/usr/local/lib/python2.7/dist-packages/django/template/base.py", line 134, in _render
    return self.nodelist.render(context)
  File "/usr/local/lib/python2.7/dist-packages/django/template/base.py", line 840, in render
    bit = self.render_node(node, context)
  File "/usr/local/lib/python2.7/dist-packages/django/template/debug.py", line 78, in render_node
    return node.render(context)
  File "/usr/local/lib/python2.7/dist-packages/django/template/loader_tags.py", line 123, in render
    return compiled_parent._render(context)
  File "/usr/local/lib/python2.7/dist-packages/django/template/base.py", line 134, in _render
    return self.nodelist.render(context)
  File "/usr/local/lib/python2.7/dist-packages/django/template/base.py", line 840, in render
    bit = self.render_node(node, context)
  File "/usr/local/lib/python2.7/dist-packages/django/template/debug.py", line 78, in render_node
    return node.render(context)
  File "/usr/local/lib/python2.7/dist-packages/django/template/loader_tags.py", line 123, in render
    return compiled_parent._render(context)
  File "/usr/local/lib/python2.7/dist-packages/django/template/base.py", line 134, in _render
    return self.nodelist.render(context)
  File "/usr/local/lib/python2.7/dist-packages/django/template/base.py", line 840, in render
    bit = self.render_node(node, context)
  File "/usr/local/lib/python2.7/dist-packages/django/template/debug.py", line 78, in render_node
    return node.render(context)
  File "/usr/local/lib/python2.7/dist-packages/django/template/loader_tags.py", line 62, in render
    result = block.nodelist.render(context)
  File "/usr/local/lib/python2.7/dist-packages/django/template/base.py", line 840, in render
    bit = self.render_node(node, context)
  File "/usr/local/lib/python2.7/dist-packages/django/template/debug.py", line 78, in render_node
    return node.render(context)
  File "/usr/local/lib/python2.7/dist-packages/django/template/loader_tags.py", line 62, in render
    result = block.nodelist.render(context)
  File "/usr/local/lib/python2.7/dist-packages/django/template/base.py", line 840, in render
    bit = self.render_node(node, context)
  File "/usr/local/lib/python2.7/dist-packages/django/template/debug.py", line 78, in render_node
    return node.render(context)
  File "/usr/local/lib/python2.7/dist-packages/django/template/base.py", line 1196, in render
    _dict = func(*resolved_args, **resolved_kwargs)
  File "/usr/local/lib/python2.7/dist-packages/django/contrib/admin/templatetags/admin_list.py", line 288, in result_list
    'results': list(results(cl))}
  File "/usr/local/lib/python2.7/dist-packages/django/contrib/admin/templatetags/admin_list.py", line 266, in results
    yield ResultList(None, items_for_result(cl, res, None))
  File "/usr/local/lib/python2.7/dist-packages/django/contrib/admin/templatetags/admin_list.py", line 258, in __init__
    super(ResultList, self).__init__(*items)
  File "/usr/local/lib/python2.7/dist-packages/django/contrib/admin/templatetags/admin_list.py", line 185, in items_for_result
    f, attr, value = lookup_field(field_name, result, cl.model_admin)
  File "/usr/local/lib/python2.7/dist-packages/django/contrib/admin/util.py", line 254, in lookup_field
    value = attr(obj)
  File "/home/wjj/work/haijia-web/yueche/admin.py", line 51, in list_yc_date
    return datetime(obj.yc_date).strftime('%Y-%m-%d')
NameError: global name 'datetime' is not defined
[12/Apr/2014 18:28:23] "GET /admin/yueche/yueche/ HTTP/1.1" 500 314798
Validating models...

0 errors found
April 12, 2014 - 18:28:14
Django version 1.6.2, using settings 'hjadmin.settings'
Starting development server at http://0.0.0.0:80/
Quit the server with CONTROL-C.
/home/wjj/work/haijia-web/a/views.py:11: DeprecationWarning: django.utils.simplejson is deprecated; use json instead.
  from django.utils import simplejson

Internal Server Error: /admin/yueche/yueche/
Traceback (most recent call last):
  File "/usr/local/lib/python2.7/dist-packages/django/core/handlers/base.py", line 139, in get_response
    response = response.render()
  File "/usr/local/lib/python2.7/dist-packages/django/template/response.py", line 105, in render
    self.content = self.rendered_content
  File "/usr/local/lib/python2.7/dist-packages/django/template/response.py", line 82, in rendered_content
    content = template.render(context)
  File "/usr/local/lib/python2.7/dist-packages/django/template/base.py", line 140, in render
    return self._render(context)
  File "/usr/local/lib/python2.7/dist-packages/django/template/base.py", line 134, in _render
    return self.nodelist.render(context)
  File "/usr/local/lib/python2.7/dist-packages/django/template/base.py", line 840, in render
    bit = self.render_node(node, context)
  File "/usr/local/lib/python2.7/dist-packages/django/template/debug.py", line 78, in render_node
    return node.render(context)
  File "/usr/local/lib/python2.7/dist-packages/django/template/loader_tags.py", line 123, in render
    return compiled_parent._render(context)
  File "/usr/local/lib/python2.7/dist-packages/django/template/base.py", line 134, in _render
    return self.nodelist.render(context)
  File "/usr/local/lib/python2.7/dist-packages/django/template/base.py", line 840, in render
    bit = self.render_node(node, context)
  File "/usr/local/lib/python2.7/dist-packages/django/template/debug.py", line 78, in render_node
    return node.render(context)
  File "/usr/local/lib/python2.7/dist-packages/django/template/loader_tags.py", line 123, in render
    return compiled_parent._render(context)
  File "/usr/local/lib/python2.7/dist-packages/django/template/base.py", line 134, in _render
    return self.nodelist.render(context)
  File "/usr/local/lib/python2.7/dist-packages/django/template/base.py", line 840, in render
    bit = self.render_node(node, context)
  File "/usr/local/lib/python2.7/dist-packages/django/template/debug.py", line 78, in render_node
    return node.render(context)
  File "/usr/local/lib/python2.7/dist-packages/django/template/loader_tags.py", line 62, in render
    result = block.nodelist.render(context)
  File "/usr/local/lib/python2.7/dist-packages/django/template/base.py", line 840, in render
    bit = self.render_node(node, context)
  File "/usr/local/lib/python2.7/dist-packages/django/template/debug.py", line 78, in render_node
    return node.render(context)
  File "/usr/local/lib/python2.7/dist-packages/django/template/loader_tags.py", line 62, in render
    result = block.nodelist.render(context)
  File "/usr/local/lib/python2.7/dist-packages/django/template/base.py", line 840, in render
    bit = self.render_node(node, context)
  File "/usr/local/lib/python2.7/dist-packages/django/template/debug.py", line 78, in render_node
    return node.render(context)
  File "/usr/local/lib/python2.7/dist-packages/django/template/base.py", line 1196, in render
    _dict = func(*resolved_args, **resolved_kwargs)
  File "/usr/local/lib/python2.7/dist-packages/django/contrib/admin/templatetags/admin_list.py", line 288, in result_list
    'results': list(results(cl))}
  File "/usr/local/lib/python2.7/dist-packages/django/contrib/admin/templatetags/admin_list.py", line 266, in results
    yield ResultList(None, items_for_result(cl, res, None))
  File "/usr/local/lib/python2.7/dist-packages/django/contrib/admin/templatetags/admin_list.py", line 258, in __init__
    super(ResultList, self).__init__(*items)
  File "/usr/local/lib/python2.7/dist-packages/django/contrib/admin/templatetags/admin_list.py", line 185, in items_for_result
    f, attr, value = lookup_field(field_name, result, cl.model_admin)
  File "/usr/local/lib/python2.7/dist-packages/django/contrib/admin/util.py", line 254, in lookup_field
    value = attr(obj)
  File "/home/wjj/work/haijia-web/yueche/admin.py", line 51, in list_yc_date
    return datetime(obj.yc_date).strftime('%Y-%m-%d')
NameError: global name 'datetime' is not defined
[12/Apr/2014 18:29:46] "GET /admin/yueche/yueche/ HTTP/1.1" 500 314562
Validating models...

0 errors found
April 12, 2014 - 18:29:41
Django version 1.6.2, using settings 'hjadmin.settings'
Starting development server at http://0.0.0.0:80/
Quit the server with CONTROL-C.
/home/wjj/work/haijia-web/a/views.py:11: DeprecationWarning: django.utils.simplejson is deprecated; use json instead.
  from django.utils import simplejson

Internal Server Error: /admin/yueche/yueche/
Traceback (most recent call last):
  File "/usr/local/lib/python2.7/dist-packages/django/core/handlers/base.py", line 139, in get_response
    response = response.render()
  File "/usr/local/lib/python2.7/dist-packages/django/template/response.py", line 105, in render
    self.content = self.rendered_content
  File "/usr/local/lib/python2.7/dist-packages/django/template/response.py", line 82, in rendered_content
    content = template.render(context)
  File "/usr/local/lib/python2.7/dist-packages/django/template/base.py", line 140, in render
    return self._render(context)
  File "/usr/local/lib/python2.7/dist-packages/django/template/base.py", line 134, in _render
    return self.nodelist.render(context)
  File "/usr/local/lib/python2.7/dist-packages/django/template/base.py", line 840, in render
    bit = self.render_node(node, context)
  File "/usr/local/lib/python2.7/dist-packages/django/template/debug.py", line 78, in render_node
    return node.render(context)
  File "/usr/local/lib/python2.7/dist-packages/django/template/loader_tags.py", line 123, in render
    return compiled_parent._render(context)
  File "/usr/local/lib/python2.7/dist-packages/django/template/base.py", line 134, in _render
    return self.nodelist.render(context)
  File "/usr/local/lib/python2.7/dist-packages/django/template/base.py", line 840, in render
    bit = self.render_node(node, context)
  File "/usr/local/lib/python2.7/dist-packages/django/template/debug.py", line 78, in render_node
    return node.render(context)
  File "/usr/local/lib/python2.7/dist-packages/django/template/loader_tags.py", line 123, in render
    return compiled_parent._render(context)
  File "/usr/local/lib/python2.7/dist-packages/django/template/base.py", line 134, in _render
    return self.nodelist.render(context)
  File "/usr/local/lib/python2.7/dist-packages/django/template/base.py", line 840, in render
    bit = self.render_node(node, context)
  File "/usr/local/lib/python2.7/dist-packages/django/template/debug.py", line 78, in render_node
    return node.render(context)
  File "/usr/local/lib/python2.7/dist-packages/django/template/loader_tags.py", line 62, in render
    result = block.nodelist.render(context)
  File "/usr/local/lib/python2.7/dist-packages/django/template/base.py", line 840, in render
    bit = self.render_node(node, context)
  File "/usr/local/lib/python2.7/dist-packages/django/template/debug.py", line 78, in render_node
    return node.render(context)
  File "/usr/local/lib/python2.7/dist-packages/django/template/loader_tags.py", line 62, in render
    result = block.nodelist.render(context)
  File "/usr/local/lib/python2.7/dist-packages/django/template/base.py", line 840, in render
    bit = self.render_node(node, context)
  File "/usr/local/lib/python2.7/dist-packages/django/template/debug.py", line 78, in render_node
    return node.render(context)
  File "/usr/local/lib/python2.7/dist-packages/django/template/base.py", line 1196, in render
    _dict = func(*resolved_args, **resolved_kwargs)
  File "/usr/local/lib/python2.7/dist-packages/django/contrib/admin/templatetags/admin_list.py", line 288, in result_list
    'results': list(results(cl))}
  File "/usr/local/lib/python2.7/dist-packages/django/contrib/admin/templatetags/admin_list.py", line 266, in results
    yield ResultList(None, items_for_result(cl, res, None))
  File "/usr/local/lib/python2.7/dist-packages/django/contrib/admin/templatetags/admin_list.py", line 258, in __init__
    super(ResultList, self).__init__(*items)
  File "/usr/local/lib/python2.7/dist-packages/django/contrib/admin/templatetags/admin_list.py", line 185, in items_for_result
    f, attr, value = lookup_field(field_name, result, cl.model_admin)
  File "/usr/local/lib/python2.7/dist-packages/django/contrib/admin/util.py", line 254, in lookup_field
    value = attr(obj)
  File "/home/wjj/work/haijia-web/yueche/admin.py", line 51, in list_yc_date
    return localtime(obj.yc_date).strftime('%Y-%m-%d')
  File "/usr/local/lib/python2.7/dist-packages/django/utils/timezone.py", line 261, in localtime
    value = value.astimezone(timezone)
AttributeError: 'datetime.date' object has no attribute 'astimezone'
[12/Apr/2014 18:30:27] "GET /admin/yueche/yueche/ HTTP/1.1" 500 318015
Validating models...

0 errors found
April 12, 2014 - 18:30:22
Django version 1.6.2, using settings 'hjadmin.settings'
Starting development server at http://0.0.0.0:80/
Quit the server with CONTROL-C.
/home/wjj/work/haijia-web/a/views.py:11: DeprecationWarning: django.utils.simplejson is deprecated; use json instead.
  from django.utils import simplejson

[12/Apr/2014 18:35:02] "GET /admin/yueche/yueche/ HTTP/1.1" 200 6505
[12/Apr/2014 18:35:02] "GET /admin/jsi18n/ HTTP/1.1" 200 2372
[12/Apr/2014 18:35:21] "GET /admin/yueche/yueche/1/ HTTP/1.1" 200 10773
[12/Apr/2014 18:35:21] "GET /admin/jsi18n/ HTTP/1.1" 200 2372
[12/Apr/2014 18:35:43] "GET /admin/yueche/yueche/ HTTP/1.1" 200 6505
[12/Apr/2014 18:35:44] "GET /admin/jsi18n/ HTTP/1.1" 200 2372
[12/Apr/2014 19:02:25] "GET /admin/ HTTP/1.1" 200 6759
[12/Apr/2014 19:02:29] "GET /admin/settings/systemconfig/ HTTP/1.1" 200 3392
[12/Apr/2014 19:02:30] "GET /admin/jsi18n/ HTTP/1.1" 200 2372
[12/Apr/2014 19:02:32] "GET /admin/settings/systemconfig/add/ HTTP/1.1" 200 4313
[12/Apr/2014 19:02:32] "GET /admin/jsi18n/ HTTP/1.1" 200 2372
[12/Apr/2014 19:06:53] "GET /a/config/ HTTP/1.1" 200 0
[12/Apr/2014 19:06:53] "GET /a/config/ HTTP/1.1" 200 0
[12/Apr/2014 19:06:54] "GET /a/proxy/all/ HTTP/1.1" 200 2
[12/Apr/2014 19:06:54] "GET /a/yueche/ HTTP/1.1" 200 2
[12/Apr/2014 19:08:15] "GET /a/a/yueche/ HTTP/1.1" 404 3869
[12/Apr/2014 19:08:20] "GET /a/yueche/ HTTP/1.1" 200 2
[12/Apr/2014 19:08:33] "GET /admin/ HTTP/1.1" 200 6759
[12/Apr/2014 19:08:36] "GET /admin/yueche/yueche/ HTTP/1.1" 200 6505
[12/Apr/2014 19:08:36] "GET /admin/jsi18n/ HTTP/1.1" 200 2372
[12/Apr/2014 19:08:40] "GET /admin/yueche/yueche/add/ HTTP/1.1" 200 10466
[12/Apr/2014 19:08:40] "GET /admin/jsi18n/ HTTP/1.1" 200 2372
[12/Apr/2014 19:08:58] "POST /admin/yueche/yueche/add/ HTTP/1.1" 302 0
[12/Apr/2014 19:08:59] "GET /admin/yueche/yueche/ HTTP/1.1" 200 7446
[12/Apr/2014 19:08:59] "GET /admin/jsi18n/ HTTP/1.1" 200 2372
[12/Apr/2014 19:09:16] "GET /a/yueche/ HTTP/1.1" 200 372
[12/Apr/2014 19:09:37] "GET /a/config/ HTTP/1.1" 200 0
[12/Apr/2014 19:09:37] "GET /a/config/ HTTP/1.1" 200 0
[12/Apr/2014 19:09:37] "GET /a/proxy/all/ HTTP/1.1" 200 2
[12/Apr/2014 19:09:37] "GET /a/yueche/ HTTP/1.1" 200 372
[12/Apr/2014 19:13:24] "GET /admin/ HTTP/1.1" 200 7085
[12/Apr/2014 19:13:26] "GET /admin/yueche/yueche/ HTTP/1.1" 200 7253
[12/Apr/2014 19:13:26] "GET /admin/jsi18n/ HTTP/1.1" 200 2372
[12/Apr/2014 19:13:33] "GET /admin/yueche/yueche/1/ HTTP/1.1" 200 10773
[12/Apr/2014 19:13:33] "GET /admin/jsi18n/ HTTP/1.1" 200 2372
[12/Apr/2014 19:13:39] "GET /admin/yueche/yueche/2/ HTTP/1.1" 200 10753
[12/Apr/2014 19:13:39] "GET /admin/jsi18n/ HTTP/1.1" 200 2372
[12/Apr/2014 20:50:17] "GET /admin/ HTTP/1.1" 200 7085
[12/Apr/2014 20:50:20] "GET /admin/yueche/dingdan/ HTTP/1.1" 200 5390
[12/Apr/2014 20:50:20] "GET /admin/jsi18n/ HTTP/1.1" 200 2372
[12/Apr/2014 20:50:52] "GET /admin/yueche/ HTTP/1.1" 200 2662
[12/Apr/2014 20:50:54] "GET /admin/yueche/dingdan/ HTTP/1.1" 200 5390
[12/Apr/2014 20:50:54] "GET /admin/jsi18n/ HTTP/1.1" 200 2372
[12/Apr/2014 20:50:56] "GET /admin/yueche/ HTTP/1.1" 200 2662
[12/Apr/2014 20:50:58] "GET /admin/ HTTP/1.1" 200 7085
[12/Apr/2014 20:51:00] "GET /admin/settings/systemconfig/ HTTP/1.1" 200 3392
[12/Apr/2014 20:51:00] "GET /admin/jsi18n/ HTTP/1.1" 200 2372
[12/Apr/2014 20:51:03] "GET /admin/settings/cookieimgcode/ HTTP/1.1" 200 3403
[12/Apr/2014 20:51:03] "GET /admin/jsi18n/ HTTP/1.1" 200 2372
[12/Apr/2014 20:51:07] "GET /admin/settings/cookieimgcode/add/ HTTP/1.1" 200 5017
[12/Apr/2014 20:51:07] "GET /admin/jsi18n/ HTTP/1.1" 200 2372
